<?xml version="1.0" encoding="UTF-8"?>
<testng-results skipped="0" failed="0" ignored="0" total="1" passed="1">
  <reporter-output>
  </reporter-output>
  <suite name="Suite" duration-ms="6127" started-at="2022-10-20T14:01:14 EDT" finished-at="2022-10-20T14:01:20 EDT">
    <groups>
    </groups>
    <test name="Test" duration-ms="6127" started-at="2022-10-20T14:01:14 EDT" finished-at="2022-10-20T14:01:20 EDT">
      <class name="com.test.TestRunner">
        <test-method status="PASS" signature="Initialised()[pri:0, instance:com.test.TestRunner@27808f31]" name="Initialised" is-config="true" duration-ms="4982" started-at="2022-10-20T14:01:14 EDT" finished-at="2022-10-20T14:01:19 EDT">
          <reporter-output>
          </reporter-output>
        </test-method> <!-- Initialised -->
        <test-method status="PASS" signature="LoginTest()[pri:0, instance:com.test.TestRunner@27808f31]" name="LoginTest" duration-ms="441" started-at="2022-10-20T14:01:19 EDT" finished-at="2022-10-20T14:01:19 EDT">
          <reporter-output>
          </reporter-output>
        </test-method> <!-- LoginTest -->
        <test-method status="PASS" signature="driverClose()[pri:0, instance:com.test.TestRunner@27808f31]" name="driverClose" is-config="true" duration-ms="613" started-at="2022-10-20T14:01:19 EDT" finished-at="2022-10-20T14:01:20 EDT">
          <reporter-output>
          </reporter-output>
        </test-method> <!-- driverClose -->
      </class> <!-- com.test.TestRunner -->
    </test> <!-- Test -->
  </suite> <!-- Suite -->
</testng-results>
